2025-12-10T06:49:14.030+02:00  INFO 21304 --- [rendipood] [SpringApplicationShutdownHook] o.s.boot.tomcat.GracefulShutdown         : Commencing graceful shutdown. Waiting for active requests to complete
2025-12-10T06:49:14.038+02:00  INFO 21304 --- [rendipood] [tomcat-shutdown] o.s.boot.tomcat.GracefulShutdown         : Graceful shutdown complete
2025-12-10T06:49:14.041+02:00  INFO 21304 --- [rendipood] [SpringApplicationShutdownHook] j.LocalContainerEntityManagerFactoryBean : Closing JPA EntityManagerFactory for persistence unit 'default'
2025-12-10T06:49:14.043+02:00  INFO 21304 --- [rendipood] [SpringApplicationShutdownHook] com.zaxxer.hikari.HikariDataSource       : HikariPool-1 - Shutdown initiated...
2025-12-10T06:49:14.044+02:00  INFO 21304 --- [rendipood] [SpringApplicationShutdownHook] com.zaxxer.hikari.HikariDataSource       : HikariPool-1 - Shutdown completed.
2025-12-10T19:09:47.603+02:00  INFO 34612 --- [rendipood] [main] ee.geir.rendipood.RendipoodApplication   : Starting RendipoodApplication using Java 25.0.1 with PID 34612 (C:\Users\i9\Documents\GitHub\2025-12-rendipood\target\classes started by i9 in C:\Users\i9\Documents\GitHub\2025-12-rendipood)
2025-12-10T19:09:47.606+02:00  INFO 34612 --- [rendipood] [main] ee.geir.rendipood.RendipoodApplication   : No active profile set, falling back to 1 default profile: "default"
2025-12-10T19:09:48.549+02:00  INFO 34612 --- [rendipood] [main] .s.d.r.c.RepositoryConfigurationDelegate : Bootstrapping Spring Data JPA repositories in DEFAULT mode.
2025-12-10T19:09:48.603+02:00  INFO 34612 --- [rendipood] [main] .s.d.r.c.RepositoryConfigurationDelegate : Finished Spring Data repository scanning in 45 ms. Found 2 JPA repository interfaces.
2025-12-10T19:09:49.083+02:00  INFO 34612 --- [rendipood] [main] o.s.boot.tomcat.TomcatWebServer          : Tomcat initialized with port 8080 (http)
2025-12-10T19:09:49.099+02:00  INFO 34612 --- [rendipood] [main] o.apache.catalina.core.StandardService   : Starting service [Tomcat]
2025-12-10T19:09:49.100+02:00  INFO 34612 --- [rendipood] [main] o.apache.catalina.core.StandardEngine    : Starting Servlet engine: [Apache Tomcat/11.0.14]
2025-12-10T19:09:49.179+02:00  INFO 34612 --- [rendipood] [main] b.w.c.s.WebApplicationContextInitializer : Root WebApplicationContext: initialization completed in 1513 ms
2025-12-10T19:09:49.448+02:00  INFO 34612 --- [rendipood] [main] o.hibernate.jpa.internal.util.LogHelper  : HHH000204: Processing PersistenceUnitInfo [name: default]
2025-12-10T19:09:49.524+02:00  INFO 34612 --- [rendipood] [main] org.hibernate.Version                    : HHH000412: Hibernate ORM core version 7.1.8.Final
2025-12-10T19:09:50.015+02:00  INFO 34612 --- [rendipood] [main] o.s.o.j.p.SpringPersistenceUnitInfo      : No LoadTimeWeaver setup: ignoring JPA class transformer
2025-12-10T19:09:50.057+02:00  INFO 34612 --- [rendipood] [main] com.zaxxer.hikari.HikariDataSource       : HikariPool-1 - Starting...
2025-12-10T19:09:50.222+02:00  INFO 34612 --- [rendipood] [main] com.zaxxer.hikari.pool.HikariPool        : HikariPool-1 - Added connection org.postgresql.jdbc.PgConnection@178dc733
2025-12-10T19:09:50.224+02:00  INFO 34612 --- [rendipood] [main] com.zaxxer.hikari.HikariDataSource       : HikariPool-1 - Start completed.
2025-12-10T19:09:50.283+02:00  INFO 34612 --- [rendipood] [main] org.hibernate.orm.connections.pooling    : HHH10001005: Database info:
	Database JDBC URL [jdbc:postgresql://localhost:5432/rendipood]
	Database driver: PostgreSQL JDBC Driver
	Database dialect: PostgreSQLDialect
	Database version: 18.1
	Default catalog/schema: rendipood/public
	Autocommit mode: undefined/unknown
	Isolation level: READ_COMMITTED [default READ_COMMITTED]
	JDBC fetch size: none
	Pool: DatasourceConnectionProviderImpl
	Minimum pool size: undefined/unknown
	Maximum pool size: undefined/unknown
2025-12-10T19:09:51.404+02:00  INFO 34612 --- [rendipood] [main] o.h.e.t.j.p.i.JtaPlatformInitiator       : HHH000489: No JTA platform available (set 'hibernate.transaction.jta.platform' to enable JTA platform integration)
2025-12-10T19:09:51.519+02:00  INFO 34612 --- [rendipood] [main] j.LocalContainerEntityManagerFactoryBean : Initialized JPA EntityManagerFactory for persistence unit 'default'
2025-12-10T19:09:51.629+02:00  INFO 34612 --- [rendipood] [main] o.s.d.j.r.query.QueryEnhancerFactories   : Hibernate is in classpath; If applicable, HQL parser will be used.
2025-12-10T19:09:51.925+02:00  WARN 34612 --- [rendipood] [main] JpaBaseConfiguration$JpaWebConfiguration : spring.jpa.open-in-view is enabled by default. Therefore, database queries may be performed during view rendering. Explicitly configure spring.jpa.open-in-view to disable this warning
2025-12-10T19:09:51.964+02:00  INFO 34612 --- [rendipood] [main] o.s.v.b.OptionalValidatorFactoryBean     : Failed to set up a Bean Validation provider: jakarta.validation.NoProviderFoundException: Unable to create a Configuration, because no Jakarta Validation provider could be found. Add a provider like Hibernate Validator (RI) to your classpath.
2025-12-10T19:09:52.453+02:00  INFO 34612 --- [rendipood] [main] o.s.boot.tomcat.TomcatWebServer          : Tomcat started on port 8080 (http) with context path '/'
2025-12-10T19:09:52.462+02:00  INFO 34612 --- [rendipood] [main] ee.geir.rendipood.RendipoodApplication   : Started RendipoodApplication in 5.3 seconds (process running for 10.839)
2025-12-10T19:31:33.775+02:00  INFO 34612 --- [rendipood] [SpringApplicationShutdownHook] o.s.boot.tomcat.GracefulShutdown         : Commencing graceful shutdown. Waiting for active requests to complete
2025-12-10T19:31:33.779+02:00  INFO 34612 --- [rendipood] [tomcat-shutdown] o.s.boot.tomcat.GracefulShutdown         : Graceful shutdown complete
2025-12-10T19:31:33.781+02:00  INFO 34612 --- [rendipood] [SpringApplicationShutdownHook] j.LocalContainerEntityManagerFactoryBean : Closing JPA EntityManagerFactory for persistence unit 'default'
2025-12-10T19:31:33.783+02:00  INFO 34612 --- [rendipood] [SpringApplicationShutdownHook] com.zaxxer.hikari.HikariDataSource       : HikariPool-1 - Shutdown initiated...
2025-12-10T19:31:33.784+02:00  INFO 34612 --- [rendipood] [SpringApplicationShutdownHook] com.zaxxer.hikari.HikariDataSource       : HikariPool-1 - Shutdown completed.
2025-12-10T19:31:35.238+02:00  INFO 4780 --- [rendipood] [main] ee.geir.rendipood.RendipoodApplication   : Starting RendipoodApplication using Java 25.0.1 with PID 4780 (C:\Users\i9\Documents\GitHub\2025-12-rendipood\target\classes started by i9 in C:\Users\i9\Documents\GitHub\2025-12-rendipood)
2025-12-10T19:31:35.240+02:00  INFO 4780 --- [rendipood] [main] ee.geir.rendipood.RendipoodApplication   : No active profile set, falling back to 1 default profile: "default"
2025-12-10T19:31:35.905+02:00  INFO 4780 --- [rendipood] [main] .s.d.r.c.RepositoryConfigurationDelegate : Bootstrapping Spring Data JPA repositories in DEFAULT mode.
2025-12-10T19:31:35.948+02:00  INFO 4780 --- [rendipood] [main] .s.d.r.c.RepositoryConfigurationDelegate : Finished Spring Data repository scanning in 36 ms. Found 2 JPA repository interfaces.
2025-12-10T19:31:36.308+02:00  INFO 4780 --- [rendipood] [main] o.s.boot.tomcat.TomcatWebServer          : Tomcat initialized with port 8080 (http)
2025-12-10T19:31:36.319+02:00  INFO 4780 --- [rendipood] [main] o.apache.catalina.core.StandardService   : Starting service [Tomcat]
2025-12-10T19:31:36.319+02:00  INFO 4780 --- [rendipood] [main] o.apache.catalina.core.StandardEngine    : Starting Servlet engine: [Apache Tomcat/11.0.14]
2025-12-10T19:31:36.366+02:00  INFO 4780 --- [rendipood] [main] b.w.c.s.WebApplicationContextInitializer : Root WebApplicationContext: initialization completed in 1085 ms
2025-12-10T19:31:36.504+02:00  INFO 4780 --- [rendipood] [main] o.hibernate.jpa.internal.util.LogHelper  : HHH000204: Processing PersistenceUnitInfo [name: default]
2025-12-10T19:31:36.557+02:00  INFO 4780 --- [rendipood] [main] org.hibernate.Version                    : HHH000412: Hibernate ORM core version 7.1.8.Final
2025-12-10T19:31:36.934+02:00  INFO 4780 --- [rendipood] [main] o.s.o.j.p.SpringPersistenceUnitInfo      : No LoadTimeWeaver setup: ignoring JPA class transformer
2025-12-10T19:31:36.964+02:00  INFO 4780 --- [rendipood] [main] com.zaxxer.hikari.HikariDataSource       : HikariPool-1 - Starting...
2025-12-10T19:31:37.081+02:00  INFO 4780 --- [rendipood] [main] com.zaxxer.hikari.pool.HikariPool        : HikariPool-1 - Added connection org.postgresql.jdbc.PgConnection@779b4f9c
2025-12-10T19:31:37.083+02:00  INFO 4780 --- [rendipood] [main] com.zaxxer.hikari.HikariDataSource       : HikariPool-1 - Start completed.
2025-12-10T19:31:37.129+02:00  INFO 4780 --- [rendipood] [main] org.hibernate.orm.connections.pooling    : HHH10001005: Database info:
	Database JDBC URL [jdbc:postgresql://localhost:5432/rendipood]
	Database driver: PostgreSQL JDBC Driver
	Database dialect: PostgreSQLDialect
	Database version: 18.1
	Default catalog/schema: rendipood/public
	Autocommit mode: undefined/unknown
	Isolation level: READ_COMMITTED [default READ_COMMITTED]
	JDBC fetch size: none
	Pool: DatasourceConnectionProviderImpl
	Minimum pool size: undefined/unknown
	Maximum pool size: undefined/unknown
2025-12-10T19:31:37.790+02:00  INFO 4780 --- [rendipood] [main] o.h.e.t.j.p.i.JtaPlatformInitiator       : HHH000489: No JTA platform available (set 'hibernate.transaction.jta.platform' to enable JTA platform integration)
2025-12-10T19:31:37.848+02:00  WARN 4780 --- [rendipood] [main] org.hibernate.orm.jdbc.warn              : HHH000247: ErrorCode: 0, SQLState: 00000
2025-12-10T19:31:37.849+02:00  WARN 4780 --- [rendipood] [main] org.hibernate.orm.jdbc.warn              : constraint "ukl6dmoyvcmppbybkty03s9l1g3" of relation "rental_rental_films" does not exist, skipping
2025-12-10T19:31:37.856+02:00  INFO 4780 --- [rendipood] [main] j.LocalContainerEntityManagerFactoryBean : Initialized JPA EntityManagerFactory for persistence unit 'default'
2025-12-10T19:31:37.919+02:00  INFO 4780 --- [rendipood] [main] o.s.d.j.r.query.QueryEnhancerFactories   : Hibernate is in classpath; If applicable, HQL parser will be used.
2025-12-10T19:31:38.159+02:00  WARN 4780 --- [rendipood] [main] JpaBaseConfiguration$JpaWebConfiguration : spring.jpa.open-in-view is enabled by default. Therefore, database queries may be performed during view rendering. Explicitly configure spring.jpa.open-in-view to disable this warning
2025-12-10T19:31:38.189+02:00  INFO 4780 --- [rendipood] [main] o.s.v.b.OptionalValidatorFactoryBean     : Failed to set up a Bean Validation provider: jakarta.validation.NoProviderFoundException: Unable to create a Configuration, because no Jakarta Validation provider could be found. Add a provider like Hibernate Validator (RI) to your classpath.
2025-12-10T19:31:38.536+02:00  INFO 4780 --- [rendipood] [main] o.s.boot.tomcat.TomcatWebServer          : Tomcat started on port 8080 (http) with context path '/'
2025-12-10T19:31:38.543+02:00  INFO 4780 --- [rendipood] [main] ee.geir.rendipood.RendipoodApplication   : Started RendipoodApplication in 3.688 seconds (process running for 4.024)
2025-12-10T19:33:49.403+02:00  INFO 4780 --- [rendipood] [SpringApplicationShutdownHook] o.s.boot.tomcat.GracefulShutdown         : Commencing graceful shutdown. Waiting for active requests to complete
2025-12-10T19:33:49.407+02:00  INFO 4780 --- [rendipood] [tomcat-shutdown] o.s.boot.tomcat.GracefulShutdown         : Graceful shutdown complete
2025-12-10T19:33:49.410+02:00  INFO 4780 --- [rendipood] [SpringApplicationShutdownHook] j.LocalContainerEntityManagerFactoryBean : Closing JPA EntityManagerFactory for persistence unit 'default'
2025-12-10T19:33:49.412+02:00  INFO 4780 --- [rendipood] [SpringApplicationShutdownHook] com.zaxxer.hikari.HikariDataSource       : HikariPool-1 - Shutdown initiated...
2025-12-10T19:33:49.414+02:00  INFO 4780 --- [rendipood] [SpringApplicationShutdownHook] com.zaxxer.hikari.HikariDataSource       : HikariPool-1 - Shutdown completed.
2025-12-10T19:33:51.918+02:00  INFO 25944 --- [rendipood] [main] ee.geir.rendipood.RendipoodApplication   : Starting RendipoodApplication using Java 25.0.1 with PID 25944 (C:\Users\i9\Documents\GitHub\2025-12-rendipood\target\classes started by i9 in C:\Users\i9\Documents\GitHub\2025-12-rendipood)
2025-12-10T19:33:51.920+02:00  INFO 25944 --- [rendipood] [main] ee.geir.rendipood.RendipoodApplication   : No active profile set, falling back to 1 default profile: "default"
2025-12-10T19:33:52.581+02:00  INFO 25944 --- [rendipood] [main] .s.d.r.c.RepositoryConfigurationDelegate : Bootstrapping Spring Data JPA repositories in DEFAULT mode.
2025-12-10T19:33:52.628+02:00  INFO 25944 --- [rendipood] [main] .s.d.r.c.RepositoryConfigurationDelegate : Finished Spring Data repository scanning in 39 ms. Found 2 JPA repository interfaces.
2025-12-10T19:33:52.969+02:00  INFO 25944 --- [rendipood] [main] o.s.boot.tomcat.TomcatWebServer          : Tomcat initialized with port 8080 (http)
2025-12-10T19:33:52.981+02:00  INFO 25944 --- [rendipood] [main] o.apache.catalina.core.StandardService   : Starting service [Tomcat]
2025-12-10T19:33:52.981+02:00  INFO 25944 --- [rendipood] [main] o.apache.catalina.core.StandardEngine    : Starting Servlet engine: [Apache Tomcat/11.0.14]
2025-12-10T19:33:53.028+02:00  INFO 25944 --- [rendipood] [main] b.w.c.s.WebApplicationContextInitializer : Root WebApplicationContext: initialization completed in 1061 ms
2025-12-10T19:33:53.170+02:00  INFO 25944 --- [rendipood] [main] o.hibernate.jpa.internal.util.LogHelper  : HHH000204: Processing PersistenceUnitInfo [name: default]
2025-12-10T19:33:53.224+02:00  INFO 25944 --- [rendipood] [main] org.hibernate.Version                    : HHH000412: Hibernate ORM core version 7.1.8.Final
2025-12-10T19:33:53.575+02:00  INFO 25944 --- [rendipood] [main] o.s.o.j.p.SpringPersistenceUnitInfo      : No LoadTimeWeaver setup: ignoring JPA class transformer
2025-12-10T19:33:53.603+02:00  INFO 25944 --- [rendipood] [main] com.zaxxer.hikari.HikariDataSource       : HikariPool-1 - Starting...
2025-12-10T19:33:53.719+02:00  INFO 25944 --- [rendipood] [main] com.zaxxer.hikari.pool.HikariPool        : HikariPool-1 - Added connection org.postgresql.jdbc.PgConnection@178dc733
2025-12-10T19:33:53.720+02:00  INFO 25944 --- [rendipood] [main] com.zaxxer.hikari.HikariDataSource       : HikariPool-1 - Start completed.
2025-12-10T19:33:53.764+02:00  INFO 25944 --- [rendipood] [main] org.hibernate.orm.connections.pooling    : HHH10001005: Database info:
	Database JDBC URL [jdbc:postgresql://localhost:5432/rendipood]
	Database driver: PostgreSQL JDBC Driver
	Database dialect: PostgreSQLDialect
	Database version: 18.1
	Default catalog/schema: rendipood/public
	Autocommit mode: undefined/unknown
	Isolation level: READ_COMMITTED [default READ_COMMITTED]
	JDBC fetch size: none
	Pool: DatasourceConnectionProviderImpl
	Minimum pool size: undefined/unknown
	Maximum pool size: undefined/unknown
2025-12-10T19:33:54.410+02:00  INFO 25944 --- [rendipood] [main] o.h.e.t.j.p.i.JtaPlatformInitiator       : HHH000489: No JTA platform available (set 'hibernate.transaction.jta.platform' to enable JTA platform integration)
2025-12-10T19:33:54.476+02:00  INFO 25944 --- [rendipood] [main] j.LocalContainerEntityManagerFactoryBean : Initialized JPA EntityManagerFactory for persistence unit 'default'
2025-12-10T19:33:54.536+02:00  INFO 25944 --- [rendipood] [main] o.s.d.j.r.query.QueryEnhancerFactories   : Hibernate is in classpath; If applicable, HQL parser will be used.
2025-12-10T19:33:54.754+02:00  WARN 25944 --- [rendipood] [main] JpaBaseConfiguration$JpaWebConfiguration : spring.jpa.open-in-view is enabled by default. Therefore, database queries may be performed during view rendering. Explicitly configure spring.jpa.open-in-view to disable this warning
2025-12-10T19:33:54.785+02:00  INFO 25944 --- [rendipood] [main] o.s.v.b.OptionalValidatorFactoryBean     : Failed to set up a Bean Validation provider: jakarta.validation.NoProviderFoundException: Unable to create a Configuration, because no Jakarta Validation provider could be found. Add a provider like Hibernate Validator (RI) to your classpath.
2025-12-10T19:33:55.063+02:00  INFO 25944 --- [rendipood] [main] o.s.boot.tomcat.TomcatWebServer          : Tomcat started on port 8080 (http) with context path '/'
2025-12-10T19:33:55.069+02:00  INFO 25944 --- [rendipood] [main] ee.geir.rendipood.RendipoodApplication   : Started RendipoodApplication in 3.524 seconds (process running for 3.873)
2025-12-10T19:34:18.929+02:00  INFO 25944 --- [rendipood] [SpringApplicationShutdownHook] o.s.boot.tomcat.GracefulShutdown         : Commencing graceful shutdown. Waiting for active requests to complete
2025-12-10T19:34:18.933+02:00  INFO 25944 --- [rendipood] [tomcat-shutdown] o.s.boot.tomcat.GracefulShutdown         : Graceful shutdown complete
2025-12-10T19:34:18.935+02:00  INFO 25944 --- [rendipood] [SpringApplicationShutdownHook] j.LocalContainerEntityManagerFactoryBean : Closing JPA EntityManagerFactory for persistence unit 'default'
2025-12-10T19:34:18.936+02:00  INFO 25944 --- [rendipood] [SpringApplicationShutdownHook] com.zaxxer.hikari.HikariDataSource       : HikariPool-1 - Shutdown initiated...
2025-12-10T19:34:18.938+02:00  INFO 25944 --- [rendipood] [SpringApplicationShutdownHook] com.zaxxer.hikari.HikariDataSource       : HikariPool-1 - Shutdown completed.
2025-12-10T19:34:21.339+02:00  INFO 11176 --- [rendipood] [main] ee.geir.rendipood.RendipoodApplication   : Starting RendipoodApplication using Java 25.0.1 with PID 11176 (C:\Users\i9\Documents\GitHub\2025-12-rendipood\target\classes started by i9 in C:\Users\i9\Documents\GitHub\2025-12-rendipood)
2025-12-10T19:34:21.342+02:00  INFO 11176 --- [rendipood] [main] ee.geir.rendipood.RendipoodApplication   : No active profile set, falling back to 1 default profile: "default"
2025-12-10T19:34:21.964+02:00  INFO 11176 --- [rendipood] [main] .s.d.r.c.RepositoryConfigurationDelegate : Bootstrapping Spring Data JPA repositories in DEFAULT mode.
2025-12-10T19:34:22.007+02:00  INFO 11176 --- [rendipood] [main] .s.d.r.c.RepositoryConfigurationDelegate : Finished Spring Data repository scanning in 37 ms. Found 2 JPA repository interfaces.
2025-12-10T19:34:22.392+02:00  INFO 11176 --- [rendipood] [main] o.s.boot.tomcat.TomcatWebServer          : Tomcat initialized with port 8080 (http)
2025-12-10T19:34:22.404+02:00  INFO 11176 --- [rendipood] [main] o.apache.catalina.core.StandardService   : Starting service [Tomcat]
2025-12-10T19:34:22.404+02:00  INFO 11176 --- [rendipood] [main] o.apache.catalina.core.StandardEngine    : Starting Servlet engine: [Apache Tomcat/11.0.14]
2025-12-10T19:34:22.456+02:00  INFO 11176 --- [rendipood] [main] b.w.c.s.WebApplicationContextInitializer : Root WebApplicationContext: initialization completed in 1072 ms
2025-12-10T19:34:22.658+02:00  INFO 11176 --- [rendipood] [main] o.hibernate.jpa.internal.util.LogHelper  : HHH000204: Processing PersistenceUnitInfo [name: default]
2025-12-10T19:34:22.717+02:00  INFO 11176 --- [rendipood] [main] org.hibernate.Version                    : HHH000412: Hibernate ORM core version 7.1.8.Final
2025-12-10T19:34:23.085+02:00  INFO 11176 --- [rendipood] [main] o.s.o.j.p.SpringPersistenceUnitInfo      : No LoadTimeWeaver setup: ignoring JPA class transformer
2025-12-10T19:34:23.110+02:00  INFO 11176 --- [rendipood] [main] com.zaxxer.hikari.HikariDataSource       : HikariPool-1 - Starting...
2025-12-10T19:34:23.230+02:00  INFO 11176 --- [rendipood] [main] com.zaxxer.hikari.pool.HikariPool        : HikariPool-1 - Added connection org.postgresql.jdbc.PgConnection@5be69f7e
2025-12-10T19:34:23.231+02:00  INFO 11176 --- [rendipood] [main] com.zaxxer.hikari.HikariDataSource       : HikariPool-1 - Start completed.
2025-12-10T19:34:23.279+02:00  INFO 11176 --- [rendipood] [main] org.hibernate.orm.connections.pooling    : HHH10001005: Database info:
	Database JDBC URL [jdbc:postgresql://localhost:5432/rendipood]
	Database driver: PostgreSQL JDBC Driver
	Database dialect: PostgreSQLDialect
	Database version: 18.1
	Default catalog/schema: rendipood/public
	Autocommit mode: undefined/unknown
	Isolation level: READ_COMMITTED [default READ_COMMITTED]
	JDBC fetch size: none
	Pool: DatasourceConnectionProviderImpl
	Minimum pool size: undefined/unknown
	Maximum pool size: undefined/unknown
2025-12-10T19:34:23.955+02:00  INFO 11176 --- [rendipood] [main] o.h.e.t.j.p.i.JtaPlatformInitiator       : HHH000489: No JTA platform available (set 'hibernate.transaction.jta.platform' to enable JTA platform integration)
2025-12-10T19:34:24.032+02:00  INFO 11176 --- [rendipood] [main] j.LocalContainerEntityManagerFactoryBean : Initialized JPA EntityManagerFactory for persistence unit 'default'
2025-12-10T19:34:24.102+02:00  INFO 11176 --- [rendipood] [main] o.s.d.j.r.query.QueryEnhancerFactories   : Hibernate is in classpath; If applicable, HQL parser will be used.
2025-12-10T19:34:24.357+02:00  WARN 11176 --- [rendipood] [main] JpaBaseConfiguration$JpaWebConfiguration : spring.jpa.open-in-view is enabled by default. Therefore, database queries may be performed during view rendering. Explicitly configure spring.jpa.open-in-view to disable this warning
2025-12-10T19:34:24.385+02:00  INFO 11176 --- [rendipood] [main] o.s.v.b.OptionalValidatorFactoryBean     : Failed to set up a Bean Validation provider: jakarta.validation.NoProviderFoundException: Unable to create a Configuration, because no Jakarta Validation provider could be found. Add a provider like Hibernate Validator (RI) to your classpath.
2025-12-10T19:34:24.734+02:00  INFO 11176 --- [rendipood] [main] o.s.boot.tomcat.TomcatWebServer          : Tomcat started on port 8080 (http) with context path '/'
2025-12-10T19:34:24.742+02:00  INFO 11176 --- [rendipood] [main] ee.geir.rendipood.RendipoodApplication   : Started RendipoodApplication in 3.745 seconds (process running for 4.066)
2025-12-10T22:08:26.594+02:00  INFO 11176 --- [rendipood] [SpringApplicationShutdownHook] o.s.boot.tomcat.GracefulShutdown         : Commencing graceful shutdown. Waiting for active requests to complete
2025-12-10T22:08:26.608+02:00  INFO 11176 --- [rendipood] [tomcat-shutdown] o.s.boot.tomcat.GracefulShutdown         : Graceful shutdown complete
2025-12-10T22:08:26.618+02:00  INFO 11176 --- [rendipood] [SpringApplicationShutdownHook] j.LocalContainerEntityManagerFactoryBean : Closing JPA EntityManagerFactory for persistence unit 'default'
2025-12-10T22:08:26.632+02:00  INFO 11176 --- [rendipood] [SpringApplicationShutdownHook] com.zaxxer.hikari.HikariDataSource       : HikariPool-1 - Shutdown initiated...
2025-12-10T22:08:26.635+02:00  INFO 11176 --- [rendipood] [SpringApplicationShutdownHook] com.zaxxer.hikari.HikariDataSource       : HikariPool-1 - Shutdown completed.
2025-12-10T22:08:29.657+02:00  INFO 49340 --- [rendipood] [main] ee.geir.rendipood.RendipoodApplication   : Starting RendipoodApplication using Java 25.0.1 with PID 49340 (C:\Users\i9\Documents\GitHub\2025-12-rendipood\target\classes started by i9 in C:\Users\i9\Documents\GitHub\2025-12-rendipood)
2025-12-10T22:08:29.662+02:00  INFO 49340 --- [rendipood] [main] ee.geir.rendipood.RendipoodApplication   : No active profile set, falling back to 1 default profile: "default"
2025-12-10T22:08:30.386+02:00  INFO 49340 --- [rendipood] [main] .s.d.r.c.RepositoryConfigurationDelegate : Bootstrapping Spring Data JPA repositories in DEFAULT mode.
2025-12-10T22:08:30.459+02:00  INFO 49340 --- [rendipood] [main] .s.d.r.c.RepositoryConfigurationDelegate : Finished Spring Data repository scanning in 62 ms. Found 2 JPA repository interfaces.
2025-12-10T22:08:31.009+02:00  INFO 49340 --- [rendipood] [main] o.s.boot.tomcat.TomcatWebServer          : Tomcat initialized with port 8080 (http)
2025-12-10T22:08:31.026+02:00  INFO 49340 --- [rendipood] [main] o.apache.catalina.core.StandardService   : Starting service [Tomcat]
2025-12-10T22:08:31.027+02:00  INFO 49340 --- [rendipood] [main] o.apache.catalina.core.StandardEngine    : Starting Servlet engine: [Apache Tomcat/11.0.14]
2025-12-10T22:08:31.089+02:00  INFO 49340 --- [rendipood] [main] b.w.c.s.WebApplicationContextInitializer : Root WebApplicationContext: initialization completed in 1380 ms
2025-12-10T22:08:31.294+02:00  INFO 49340 --- [rendipood] [main] o.hibernate.jpa.internal.util.LogHelper  : HHH000204: Processing PersistenceUnitInfo [name: default]
2025-12-10T22:08:31.372+02:00  INFO 49340 --- [rendipood] [main] org.hibernate.Version                    : HHH000412: Hibernate ORM core version 7.1.8.Final
2025-12-10T22:08:31.878+02:00  INFO 49340 --- [rendipood] [main] o.s.o.j.p.SpringPersistenceUnitInfo      : No LoadTimeWeaver setup: ignoring JPA class transformer
2025-12-10T22:08:31.911+02:00  INFO 49340 --- [rendipood] [main] com.zaxxer.hikari.HikariDataSource       : HikariPool-1 - Starting...
2025-12-10T22:08:32.179+02:00  INFO 49340 --- [rendipood] [main] com.zaxxer.hikari.pool.HikariPool        : HikariPool-1 - Added connection org.postgresql.jdbc.PgConnection@1aa59698
2025-12-10T22:08:32.180+02:00  INFO 49340 --- [rendipood] [main] com.zaxxer.hikari.HikariDataSource       : HikariPool-1 - Start completed.
2025-12-10T22:08:32.231+02:00  INFO 49340 --- [rendipood] [main] org.hibernate.orm.connections.pooling    : HHH10001005: Database info:
	Database JDBC URL [jdbc:postgresql://localhost:5432/rendipood]
	Database driver: PostgreSQL JDBC Driver
	Database dialect: PostgreSQLDialect
	Database version: 18.1
	Default catalog/schema: rendipood/public
	Autocommit mode: undefined/unknown
	Isolation level: READ_COMMITTED [default READ_COMMITTED]
	JDBC fetch size: none
	Pool: DatasourceConnectionProviderImpl
	Minimum pool size: undefined/unknown
	Maximum pool size: undefined/unknown
2025-12-10T22:08:32.953+02:00  INFO 49340 --- [rendipood] [main] o.h.e.t.j.p.i.JtaPlatformInitiator       : HHH000489: No JTA platform available (set 'hibernate.transaction.jta.platform' to enable JTA platform integration)
2025-12-10T22:08:33.026+02:00  INFO 49340 --- [rendipood] [main] j.LocalContainerEntityManagerFactoryBean : Initialized JPA EntityManagerFactory for persistence unit 'default'
2025-12-10T22:08:33.092+02:00  INFO 49340 --- [rendipood] [main] o.s.d.j.r.query.QueryEnhancerFactories   : Hibernate is in classpath; If applicable, HQL parser will be used.
2025-12-10T22:08:33.343+02:00  WARN 49340 --- [rendipood] [main] JpaBaseConfiguration$JpaWebConfiguration : spring.jpa.open-in-view is enabled by default. Therefore, database queries may be performed during view rendering. Explicitly configure spring.jpa.open-in-view to disable this warning
2025-12-10T22:08:33.373+02:00  INFO 49340 --- [rendipood] [main] o.s.v.b.OptionalValidatorFactoryBean     : Failed to set up a Bean Validation provider: jakarta.validation.NoProviderFoundException: Unable to create a Configuration, because no Jakarta Validation provider could be found. Add a provider like Hibernate Validator (RI) to your classpath.
2025-12-10T22:08:33.725+02:00  INFO 49340 --- [rendipood] [main] o.s.boot.tomcat.TomcatWebServer          : Tomcat started on port 8080 (http) with context path '/'
2025-12-10T22:08:33.733+02:00  INFO 49340 --- [rendipood] [main] ee.geir.rendipood.RendipoodApplication   : Started RendipoodApplication in 4.476 seconds (process running for 4.844)
2025-12-10T22:10:07.107+02:00  INFO 49340 --- [rendipood] [http-nio-8080-exec-2] o.a.c.c.C.[Tomcat].[localhost].[/]       : Initializing Spring DispatcherServlet 'dispatcherServlet'
2025-12-10T22:10:07.107+02:00  INFO 49340 --- [rendipood] [http-nio-8080-exec-2] o.s.web.servlet.DispatcherServlet        : Initializing Servlet 'dispatcherServlet'
2025-12-10T22:10:07.108+02:00  INFO 49340 --- [rendipood] [http-nio-8080-exec-2] o.s.web.servlet.DispatcherServlet        : Completed initialization in 1 ms
2025-12-10T22:12:38.391+02:00  WARN 49340 --- [rendipood] [http-nio-8080-exec-8] .w.s.m.s.DefaultHandlerExceptionResolver : Resolved [org.springframework.http.converter.HttpMessageNotReadableException: JSON parse error: Cannot deserialize value of type `java.util.ArrayList<ee.geir.rendipood.dto.RentalFilmDTO>` from Object value (token `JsonToken.START_OBJECT`)]
2025-12-10T22:13:29.173+02:00  WARN 49340 --- [rendipood] [http-nio-8080-exec-10] .w.s.m.s.DefaultHandlerExceptionResolver : Resolved [org.springframework.http.converter.HttpMessageNotReadableException: JSON parse error: Cannot deserialize value of type `java.util.ArrayList<ee.geir.rendipood.dto.RentalFilmDTO>` from Object value (token `JsonToken.START_OBJECT`)]
2025-12-10T22:13:37.562+02:00  WARN 49340 --- [rendipood] [http-nio-8080-exec-2] .w.s.m.s.DefaultHandlerExceptionResolver : Resolved [org.springframework.http.converter.HttpMessageNotReadableException: JSON parse error: Unexpected character (']' (code 93)): expected a value]
2025-12-10T22:15:50.322+02:00  WARN 49340 --- [rendipood] [http-nio-8080-exec-4] .w.s.m.s.DefaultHandlerExceptionResolver : Resolved [org.springframework.http.converter.HttpMessageNotReadableException: JSON parse error: Unexpected character (']' (code 93)): expected a value]
2025-12-10T22:29:19.598+02:00  INFO 49340 --- [rendipood] [SpringApplicationShutdownHook] o.s.boot.tomcat.GracefulShutdown         : Commencing graceful shutdown. Waiting for active requests to complete
2025-12-10T22:29:19.602+02:00  INFO 49340 --- [rendipood] [tomcat-shutdown] o.s.boot.tomcat.GracefulShutdown         : Graceful shutdown complete
2025-12-10T22:29:19.604+02:00  INFO 49340 --- [rendipood] [SpringApplicationShutdownHook] j.LocalContainerEntityManagerFactoryBean : Closing JPA EntityManagerFactory for persistence unit 'default'
2025-12-10T22:29:19.605+02:00  INFO 49340 --- [rendipood] [SpringApplicationShutdownHook] com.zaxxer.hikari.HikariDataSource       : HikariPool-1 - Shutdown initiated...
2025-12-10T22:29:19.607+02:00  INFO 49340 --- [rendipood] [SpringApplicationShutdownHook] com.zaxxer.hikari.HikariDataSource       : HikariPool-1 - Shutdown completed.
2025-12-10T22:29:22.311+02:00  INFO 6192 --- [rendipood] [main] ee.geir.rendipood.RendipoodApplication   : Starting RendipoodApplication using Java 25.0.1 with PID 6192 (C:\Users\i9\Documents\GitHub\2025-12-rendipood\target\classes started by i9 in C:\Users\i9\Documents\GitHub\2025-12-rendipood)
2025-12-10T22:29:22.316+02:00  INFO 6192 --- [rendipood] [main] ee.geir.rendipood.RendipoodApplication   : No active profile set, falling back to 1 default profile: "default"
2025-12-10T22:29:23.016+02:00  INFO 6192 --- [rendipood] [main] .s.d.r.c.RepositoryConfigurationDelegate : Bootstrapping Spring Data JPA repositories in DEFAULT mode.
2025-12-10T22:29:23.069+02:00  INFO 6192 --- [rendipood] [main] .s.d.r.c.RepositoryConfigurationDelegate : Finished Spring Data repository scanning in 44 ms. Found 2 JPA repository interfaces.
2025-12-10T22:29:23.492+02:00  INFO 6192 --- [rendipood] [main] o.s.boot.tomcat.TomcatWebServer          : Tomcat initialized with port 8080 (http)
2025-12-10T22:29:23.506+02:00  INFO 6192 --- [rendipood] [main] o.apache.catalina.core.StandardService   : Starting service [Tomcat]
2025-12-10T22:29:23.506+02:00  INFO 6192 --- [rendipood] [main] o.apache.catalina.core.StandardEngine    : Starting Servlet engine: [Apache Tomcat/11.0.14]
2025-12-10T22:29:23.562+02:00  INFO 6192 --- [rendipood] [main] b.w.c.s.WebApplicationContextInitializer : Root WebApplicationContext: initialization completed in 1193 ms
2025-12-10T22:29:23.740+02:00  INFO 6192 --- [rendipood] [main] o.hibernate.jpa.internal.util.LogHelper  : HHH000204: Processing PersistenceUnitInfo [name: default]
2025-12-10T22:29:23.797+02:00  INFO 6192 --- [rendipood] [main] org.hibernate.Version                    : HHH000412: Hibernate ORM core version 7.1.8.Final
2025-12-10T22:29:24.200+02:00  INFO 6192 --- [rendipood] [main] o.s.o.j.p.SpringPersistenceUnitInfo      : No LoadTimeWeaver setup: ignoring JPA class transformer
2025-12-10T22:29:24.227+02:00  INFO 6192 --- [rendipood] [main] com.zaxxer.hikari.HikariDataSource       : HikariPool-1 - Starting...
2025-12-10T22:29:24.369+02:00  INFO 6192 --- [rendipood] [main] com.zaxxer.hikari.pool.HikariPool        : HikariPool-1 - Added connection org.postgresql.jdbc.PgConnection@6b0ba697
2025-12-10T22:29:24.370+02:00  INFO 6192 --- [rendipood] [main] com.zaxxer.hikari.HikariDataSource       : HikariPool-1 - Start completed.
2025-12-10T22:29:24.426+02:00  INFO 6192 --- [rendipood] [main] org.hibernate.orm.connections.pooling    : HHH10001005: Database info:
	Database JDBC URL [jdbc:postgresql://localhost:5432/rendipood]
	Database driver: PostgreSQL JDBC Driver
	Database dialect: PostgreSQLDialect
	Database version: 18.1
	Default catalog/schema: rendipood/public
	Autocommit mode: undefined/unknown
	Isolation level: READ_COMMITTED [default READ_COMMITTED]
	JDBC fetch size: none
	Pool: DatasourceConnectionProviderImpl
	Minimum pool size: undefined/unknown
	Maximum pool size: undefined/unknown
2025-12-10T22:29:25.097+02:00  INFO 6192 --- [rendipood] [main] o.h.e.t.j.p.i.JtaPlatformInitiator       : HHH000489: No JTA platform available (set 'hibernate.transaction.jta.platform' to enable JTA platform integration)
2025-12-10T22:29:25.171+02:00  INFO 6192 --- [rendipood] [main] j.LocalContainerEntityManagerFactoryBean : Initialized JPA EntityManagerFactory for persistence unit 'default'
2025-12-10T22:29:25.232+02:00  INFO 6192 --- [rendipood] [main] o.s.d.j.r.query.QueryEnhancerFactories   : Hibernate is in classpath; If applicable, HQL parser will be used.
2025-12-10T22:29:25.440+02:00  WARN 6192 --- [rendipood] [main] JpaBaseConfiguration$JpaWebConfiguration : spring.jpa.open-in-view is enabled by default. Therefore, database queries may be performed during view rendering. Explicitly configure spring.jpa.open-in-view to disable this warning
2025-12-10T22:29:25.465+02:00  INFO 6192 --- [rendipood] [main] o.s.v.b.OptionalValidatorFactoryBean     : Failed to set up a Bean Validation provider: jakarta.validation.NoProviderFoundException: Unable to create a Configuration, because no Jakarta Validation provider could be found. Add a provider like Hibernate Validator (RI) to your classpath.
2025-12-10T22:29:25.764+02:00  INFO 6192 --- [rendipood] [main] o.s.boot.tomcat.TomcatWebServer          : Tomcat started on port 8080 (http) with context path '/'
2025-12-10T22:29:25.770+02:00  INFO 6192 --- [rendipood] [main] ee.geir.rendipood.RendipoodApplication   : Started RendipoodApplication in 3.858 seconds (process running for 4.215)
2025-12-10T22:29:39.701+02:00  INFO 6192 --- [rendipood] [http-nio-8080-exec-2] o.a.c.c.C.[Tomcat].[localhost].[/]       : Initializing Spring DispatcherServlet 'dispatcherServlet'
2025-12-10T22:29:39.701+02:00  INFO 6192 --- [rendipood] [http-nio-8080-exec-2] o.s.web.servlet.DispatcherServlet        : Initializing Servlet 'dispatcherServlet'
2025-12-10T22:29:39.702+02:00  INFO 6192 --- [rendipood] [http-nio-8080-exec-2] o.s.web.servlet.DispatcherServlet        : Completed initialization in 1 ms
2025-12-10T22:30:06.123+02:00  INFO 6192 --- [rendipood] [SpringApplicationShutdownHook] o.s.boot.tomcat.GracefulShutdown         : Commencing graceful shutdown. Waiting for active requests to complete
2025-12-10T22:30:06.127+02:00  INFO 6192 --- [rendipood] [tomcat-shutdown] o.s.boot.tomcat.GracefulShutdown         : Graceful shutdown complete
2025-12-10T22:30:06.129+02:00  INFO 6192 --- [rendipood] [SpringApplicationShutdownHook] j.LocalContainerEntityManagerFactoryBean : Closing JPA EntityManagerFactory for persistence unit 'default'
2025-12-10T22:30:06.131+02:00  INFO 6192 --- [rendipood] [SpringApplicationShutdownHook] com.zaxxer.hikari.HikariDataSource       : HikariPool-1 - Shutdown initiated...
2025-12-10T22:30:06.132+02:00  INFO 6192 --- [rendipood] [SpringApplicationShutdownHook] com.zaxxer.hikari.HikariDataSource       : HikariPool-1 - Shutdown completed.
2025-12-10T22:30:07.581+02:00  INFO 41652 --- [rendipood] [main] ee.geir.rendipood.RendipoodApplication   : Starting RendipoodApplication using Java 25.0.1 with PID 41652 (C:\Users\i9\Documents\GitHub\2025-12-rendipood\target\classes started by i9 in C:\Users\i9\Documents\GitHub\2025-12-rendipood)
2025-12-10T22:30:07.584+02:00  INFO 41652 --- [rendipood] [main] ee.geir.rendipood.RendipoodApplication   : No active profile set, falling back to 1 default profile: "default"
2025-12-10T22:30:08.286+02:00  INFO 41652 --- [rendipood] [main] .s.d.r.c.RepositoryConfigurationDelegate : Bootstrapping Spring Data JPA repositories in DEFAULT mode.
2025-12-10T22:30:08.364+02:00  INFO 41652 --- [rendipood] [main] .s.d.r.c.RepositoryConfigurationDelegate : Finished Spring Data repository scanning in 68 ms. Found 2 JPA repository interfaces.
2025-12-10T22:30:08.753+02:00  INFO 41652 --- [rendipood] [main] o.s.boot.tomcat.TomcatWebServer          : Tomcat initialized with port 8080 (http)
2025-12-10T22:30:08.767+02:00  INFO 41652 --- [rendipood] [main] o.apache.catalina.core.StandardService   : Starting service [Tomcat]
2025-12-10T22:30:08.768+02:00  INFO 41652 --- [rendipood] [main] o.apache.catalina.core.StandardEngine    : Starting Servlet engine: [Apache Tomcat/11.0.14]
2025-12-10T22:30:08.817+02:00  INFO 41652 --- [rendipood] [main] b.w.c.s.WebApplicationContextInitializer : Root WebApplicationContext: initialization completed in 1188 ms
2025-12-10T22:30:09.004+02:00  INFO 41652 --- [rendipood] [main] o.hibernate.jpa.internal.util.LogHelper  : HHH000204: Processing PersistenceUnitInfo [name: default]
2025-12-10T22:30:09.063+02:00  INFO 41652 --- [rendipood] [main] org.hibernate.Version                    : HHH000412: Hibernate ORM core version 7.1.8.Final
2025-12-10T22:30:09.483+02:00  INFO 41652 --- [rendipood] [main] o.s.o.j.p.SpringPersistenceUnitInfo      : No LoadTimeWeaver setup: ignoring JPA class transformer
2025-12-10T22:30:09.515+02:00  INFO 41652 --- [rendipood] [main] com.zaxxer.hikari.HikariDataSource       : HikariPool-1 - Starting...
2025-12-10T22:30:09.758+02:00  INFO 41652 --- [rendipood] [main] com.zaxxer.hikari.pool.HikariPool        : HikariPool-1 - Added connection org.postgresql.jdbc.PgConnection@2cacb445
2025-12-10T22:30:09.760+02:00  INFO 41652 --- [rendipood] [main] com.zaxxer.hikari.HikariDataSource       : HikariPool-1 - Start completed.
2025-12-10T22:30:09.811+02:00  INFO 41652 --- [rendipood] [main] org.hibernate.orm.connections.pooling    : HHH10001005: Database info:
	Database JDBC URL [jdbc:postgresql://localhost:5432/rendipood]
	Database driver: PostgreSQL JDBC Driver
	Database dialect: PostgreSQLDialect
	Database version: 18.1
	Default catalog/schema: rendipood/public
	Autocommit mode: undefined/unknown
	Isolation level: READ_COMMITTED [default READ_COMMITTED]
	JDBC fetch size: none
	Pool: DatasourceConnectionProviderImpl
	Minimum pool size: undefined/unknown
	Maximum pool size: undefined/unknown
2025-12-10T22:30:10.509+02:00  INFO 41652 --- [rendipood] [main] o.h.e.t.j.p.i.JtaPlatformInitiator       : HHH000489: No JTA platform available (set 'hibernate.transaction.jta.platform' to enable JTA platform integration)
2025-12-10T22:30:10.610+02:00  INFO 41652 --- [rendipood] [main] j.LocalContainerEntityManagerFactoryBean : Initialized JPA EntityManagerFactory for persistence unit 'default'
2025-12-10T22:30:10.700+02:00  INFO 41652 --- [rendipood] [main] o.s.d.j.r.query.QueryEnhancerFactories   : Hibernate is in classpath; If applicable, HQL parser will be used.
2025-12-10T22:30:10.950+02:00  WARN 41652 --- [rendipood] [main] JpaBaseConfiguration$JpaWebConfiguration : spring.jpa.open-in-view is enabled by default. Therefore, database queries may be performed during view rendering. Explicitly configure spring.jpa.open-in-view to disable this warning
2025-12-10T22:30:10.983+02:00  INFO 41652 --- [rendipood] [main] o.s.v.b.OptionalValidatorFactoryBean     : Failed to set up a Bean Validation provider: jakarta.validation.NoProviderFoundException: Unable to create a Configuration, because no Jakarta Validation provider could be found. Add a provider like Hibernate Validator (RI) to your classpath.
2025-12-10T22:30:11.306+02:00  INFO 41652 --- [rendipood] [main] o.s.boot.tomcat.TomcatWebServer          : Tomcat started on port 8080 (http) with context path '/'
2025-12-10T22:30:11.311+02:00  INFO 41652 --- [rendipood] [main] ee.geir.rendipood.RendipoodApplication   : Started RendipoodApplication in 4.111 seconds (process running for 4.468)
2025-12-10T22:30:25.349+02:00  INFO 41652 --- [rendipood] [http-nio-8080-exec-2] o.a.c.c.C.[Tomcat].[localhost].[/]       : Initializing Spring DispatcherServlet 'dispatcherServlet'
2025-12-10T22:30:25.349+02:00  INFO 41652 --- [rendipood] [http-nio-8080-exec-2] o.s.web.servlet.DispatcherServlet        : Initializing Servlet 'dispatcherServlet'
2025-12-10T22:30:25.350+02:00  INFO 41652 --- [rendipood] [http-nio-8080-exec-2] o.s.web.servlet.DispatcherServlet        : Completed initialization in 1 ms
2025-12-10T22:31:04.051+02:00  INFO 41652 --- [rendipood] [SpringApplicationShutdownHook] o.s.boot.tomcat.GracefulShutdown         : Commencing graceful shutdown. Waiting for active requests to complete
2025-12-10T22:31:04.055+02:00  INFO 41652 --- [rendipood] [tomcat-shutdown] o.s.boot.tomcat.GracefulShutdown         : Graceful shutdown complete
2025-12-10T22:31:04.057+02:00  INFO 41652 --- [rendipood] [SpringApplicationShutdownHook] j.LocalContainerEntityManagerFactoryBean : Closing JPA EntityManagerFactory for persistence unit 'default'
2025-12-10T22:31:04.059+02:00  INFO 41652 --- [rendipood] [SpringApplicationShutdownHook] com.zaxxer.hikari.HikariDataSource       : HikariPool-1 - Shutdown initiated...
2025-12-10T22:31:04.061+02:00  INFO 41652 --- [rendipood] [SpringApplicationShutdownHook] com.zaxxer.hikari.HikariDataSource       : HikariPool-1 - Shutdown completed.
